<?xml version="1.0" encoding="UTF-8"?>
<!-- Generated by org.testng.reporters.JUnitReportReporter -->
<testsuite hostname="DESKTOP-MTKLQ6Q" name="Cucumber.Selenium.AppTest" tests="1" failures="0" timestamp="13 Nov 2020 12:26:11 GMT" time="0.003" errors="0">
  <testcase name="testApp" time="0.003" classname="Cucumber.Selenium.AppTest"/>
</testsuite> <!-- Cucumber.Selenium.AppTest -->
